<?xml version="1.0" encoding="UTF-8" ?>
<testsuite failures="0" time="0.328" errors="0" skipped="0" tests="17" name="group20.antgame.MapParserIT">
  <properties>
[...]
</properties>
  <testcase time="0.016" classname="group20.antgame.MapParserIT" name="testIsPosIntFalseForPosNumWithChars"/>
  <testcase time="0" classname="group20.antgame.MapParserIT" name="dimensionOKfailsWithinValidInput3"/>
  <testcase time="0.015" classname="group20.antgame.MapParserIT" name="testBodyRowOKPassesWithValidInput"/>
  <testcase time="0" classname="group20.antgame.MapParserIT" name="testBodyRowOKFailsWithInvalidInput2"/>
  <testcase time="0" classname="group20.antgame.MapParserIT" name="testIsPosIntTrueFor150AndTriailingSpaces"/>
  <testcase time="0" classname="group20.antgame.MapParserIT" name="dimensionOKPassesWithValidInput2"/>
  <testcase time="0" classname="group20.antgame.MapParserIT" name="dimensionOKfailsWithinValidInput"/>
  <testcase time="0" classname="group20.antgame.MapParserIT" name="testBodyRowOKFailsWithInvalidInput"/>
  <testcase time="0" classname="group20.antgame.MapParserIT" name="dimensionOKfailsWithinValidInput2"/>
  <testcase time="0" classname="group20.antgame.MapParserIT" name="dimensionOKPassesWithValidInput"/>
  <testcase time="0" classname="group20.antgame.MapParserIT" name="testBodyRowOKFailsWithInvalidInput3"/>
  <testcase time="0.015" classname="group20.antgame.MapParserIT" name="testTopRowOK"/>
  <testcase time="0.016" classname="group20.antgame.MapParserIT" name="testParseMapPassesWihValidMap"/>
  <testcase time="0" classname="group20.antgame.MapParserIT" name="testIsPosIntTrueFor456"/>
  <testcase time="0" classname="group20.antgame.MapParserIT" name="testIsPosIntFalseForNegOne"/>
  <testcase time="0.016" classname="group20.antgame.MapParserIT" name="testIsPosIntFalseForZero"/>
  <testcase time="0" classname="group20.antgame.MapParserIT" name="testBodyRowOKPassesWithValidInputTrailingSpaces"/>
</testsuite>