<?xml version="1.0" encoding="UTF-8" ?>
<testsuite tests="1" failures="1" name="group20.antgame.BrainParserTest" time="0.063" errors="0" skipped="0">
  <properties>
[...]
</properties>
  <testcase classname="group20.antgame.BrainParserTest" name="TestParseAllInstructions" time="0.018">
    <failure message="expected same:&lt;group20.Instructions.Sense@53e25b76&gt; was not:&lt;group20.Instructions.Sense@3b764bce&gt;" type="java.lang.AssertionError">java.lang.AssertionError: expected same:&lt;group20.Instructions.Sense@53e25b76&gt; was not:&lt;group20.Instructions.Sense@3b764bce&gt;
	at org.junit.Assert.fail(Assert.java:93)
	at org.junit.Assert.failNotSame(Assert.java:641)
	at org.junit.Assert.assertSame(Assert.java:580)
	at org.junit.Assert.assertSame(Assert.java:593)
	at group20.antgame.BrainParserTest.TestParseAllInstructions(BrainParserTest.java:64)
	at sun.reflect.NativeMethodAccessorImpl.invoke0(Native Method)
	at sun.reflect.NativeMethodAccessorImpl.invoke(NativeMethodAccessorImpl.java:62)
	at sun.reflect.DelegatingMethodAccessorImpl.invoke(DelegatingMethodAccessorImpl.java:43)
	at java.lang.reflect.Method.invoke(Method.java:483)
	at org.junit.runners.model.FrameworkMethod$1.runReflectiveCall(FrameworkMethod.java:45)
	at org.junit.internal.runners.model.ReflectiveCallable.run(ReflectiveCallable.java:15)
	at org.junit.runners.model.FrameworkMethod.invokeExplosively(FrameworkMethod.java:42)
	at org.junit.internal.runners.statements.InvokeMethod.evaluate(InvokeMethod.java:20)
	at org.junit.runners.ParentRunner.runLeaf(ParentRunner.java:263)
	at org.junit.runners.BlockJUnit4ClassRunner.runChild(BlockJUnit4ClassRunner.java:68)
	at org.junit.runners.BlockJUnit4ClassRunner.runChild(BlockJUnit4ClassRunner.java:47)
	at org.junit.runners.ParentRunner$3.run(ParentRunner.java:231)
	at org.junit.runners.ParentRunner$1.schedule(ParentRunner.java:60)
	at org.junit.runners.ParentRunner.runChildren(ParentRunner.java:229)
	at org.junit.runners.ParentRunner.access$000(ParentRunner.java:50)
	at org.junit.runners.ParentRunner$2.evaluate(ParentRunner.java:222)
	at org.junit.runners.ParentRunner.run(ParentRunner.java:300)
	at org.apache.maven.surefire.junit4.JUnit4TestSet.execute(JUnit4TestSet.java:53)
	at org.apache.maven.surefire.junit4.JUnit4Provider.executeTestSet(JUnit4Provider.java:123)
	at org.apache.maven.surefire.junit4.JUnit4Provider.invoke(JUnit4Provider.java:104)
	at sun.reflect.NativeMethodAccessorImpl.invoke0(Native Method)
	at sun.reflect.NativeMethodAccessorImpl.invoke(NativeMethodAccessorImpl.java:62)
	at sun.reflect.DelegatingMethodAccessorImpl.invoke(DelegatingMethodAccessorImpl.java:43)
	at java.lang.reflect.Method.invoke(Method.java:483)
	at org.apache.maven.surefire.util.ReflectionUtils.invokeMethodWithArray(ReflectionUtils.java:164)
	at org.apache.maven.surefire.booter.ProviderFactory$ProviderProxy.invoke(ProviderFactory.java:110)
	at org.apache.maven.surefire.booter.SurefireStarter.invokeProvider(SurefireStarter.java:175)
	at org.apache.maven.surefire.booter.SurefireStarter.runSuitesInProcessWhenForked(SurefireStarter.java:107)
	at org.apache.maven.surefire.booter.ForkedBooter.main(ForkedBooter.java:68)
</failure>
    <system-out>group20.Instructions.Sense@3b764bce
group20.Instructions.PickUp@759ebb3d
group20.Instructions.Move@484b61fc
group20.Instructions.Flip@45fe3ee3
group20.Instructions.Drop@4cdf35a9
group20.Instructions.Turn@4c98385c
group20.Instructions.Turn@5fcfe4b2
group20.Instructions.Mark@6bf2d08e
group20.Instructions.Unmark@5eb5c224
</system-out>
  </testcase>
</testsuite>