<?xml version="1.0" encoding="UTF-8" ?>
<testsuite failures="1" time="76.761" errors="0" skipped="0" tests="78" name="group20.antgame.AntGameModelTest">
  <properties>
[...]
</properties>
  <testcase time="0.031" classname="group20.antgame.AntGameModelTest" name="testAntHillAt"/>
  <testcase time="0" classname="group20.antgame.AntGameModelTest" name="testSetState"/>
  <testcase time="0.016" classname="group20.antgame.AntGameModelTest" name="testFindAnt"/>
  <testcase time="0.016" classname="group20.antgame.AntGameModelTest" name="testKillAntAt"/>
  <testcase time="0" classname="group20.antgame.AntGameModelTest" name="testColour"/>
  <testcase time="0" classname="group20.antgame.AntGameModelTest" name="testResting"/>
  <testcase time="0" classname="group20.antgame.AntGameModelTest" name="testState"/>
  <testcase time="0.015" classname="group20.antgame.AntGameModelTest" name="testHasFood"/>
  <testcase time="0" classname="group20.antgame.AntGameModelTest" name="testDirection"/>
  <testcase time="0" classname="group20.antgame.AntGameModelTest" name="testAdjacentCellDir2PassesCorrectEven"/>
  <testcase time="0.016" classname="group20.antgame.AntGameModelTest" name="testAdjacentCellDir4PassesCorrectEven"/>
  <testcase time="0" classname="group20.antgame.AntGameModelTest" name="testSensedCellHereFailsUnexpected"/>
  <testcase time="0" classname="group20.antgame.AntGameModelTest" name="testAdjacentCellDir4PassesCorrectOdd"/>
  <testcase time="0" classname="group20.antgame.AntGameModelTest" name="testAdjacentCellDir3PassesCorrectEven"/>
  <testcase time="0" classname="group20.antgame.AntGameModelTest" name="testAdjacentCellDir3PassesCorrectOdd"/>
  <testcase time="0" classname="group20.antgame.AntGameModelTest" name="testAdjacentCellDir5PassesCorrectOdd"/>
  <testcase time="0" classname="group20.antgame.AntGameModelTest" name="testTurnLeftDir0NotPassForOtherResults"/>
  <testcase time="0" classname="group20.antgame.AntGameModelTest" name="testOtherColourBlackReturnsRed"/>
  <testcase time="0" classname="group20.antgame.AntGameModelTest" name="testCellMatchesFoeREDFailsCorrectly"/>
  <testcase time="0" classname="group20.antgame.AntGameModelTest" name="testCellMatchesFriendREDPassesCorrectly"/>
  <testcase time="0" classname="group20.antgame.AntGameModelTest" name="testSensedCellHerePassesExpected"/>
  <testcase time="0" classname="group20.antgame.AntGameModelTest" name="testCellMatchesFriendBLACKFailsCorrectly"/>
  <testcase time="0" classname="group20.antgame.AntGameModelTest" name="testSensedCellAheadPassesExpected"/>
  <testcase time="69.375" classname="group20.antgame.AntGameModelTest" name="testPlayRoundFor10000RoundsMatchesDump"/>
  <testcase time="5.288" classname="group20.antgame.AntGameModelTest" name="testPlayRoundFor1000RoundsMatchesDump">
    <failure message="arrays first differed at element [17210]; expected:&lt;...ir 5, food 0, state []0, resting 0&gt; but was:&lt;...ir 5, food 0, state [38]0, resting 0&gt;" type="arrays first differed at element [17210]; expected">arrays first differed at element [17210]; expected:&lt;...ir 5, food 0, state []0, resting 0&gt; but was:&lt;...ir 5, food 0, state [38]0, resting 0&gt;
	at org.junit.internal.ComparisonCriteria.arrayEquals(ComparisonCriteria.java:52)
	at org.junit.Assert.internalArrayEquals(Assert.java:416)
	at org.junit.Assert.assertArrayEquals(Assert.java:168)
	at org.junit.Assert.assertArrayEquals(Assert.java:185)
	at group20.antgame.AntGameModelTest.testPlayRoundFor1000RoundsMatchesDump(AntGameModelTest.java:1346)
	at sun.reflect.NativeMethodAccessorImpl.invoke0(Native Method)
	at sun.reflect.NativeMethodAccessorImpl.invoke(NativeMethodAccessorImpl.java:57)
	at sun.reflect.DelegatingMethodAccessorImpl.invoke(DelegatingMethodAccessorImpl.java:43)
	at java.lang.reflect.Method.invoke(Method.java:606)
	at org.junit.runners.model.FrameworkMethod$1.runReflectiveCall(FrameworkMethod.java:45)
	at org.junit.internal.runners.model.ReflectiveCallable.run(ReflectiveCallable.java:15)
	at org.junit.runners.model.FrameworkMethod.invokeExplosively(FrameworkMethod.java:42)
	at org.junit.internal.runners.statements.InvokeMethod.evaluate(InvokeMethod.java:20)
	at org.junit.internal.runners.statements.RunBefores.evaluate(RunBefores.java:28)
	at org.junit.internal.runners.statements.RunAfters.evaluate(RunAfters.java:30)
	at org.junit.runners.ParentRunner.runLeaf(ParentRunner.java:263)
	at org.junit.runners.BlockJUnit4ClassRunner.runChild(BlockJUnit4ClassRunner.java:68)
	at org.junit.runners.BlockJUnit4ClassRunner.runChild(BlockJUnit4ClassRunner.java:47)
	at org.junit.runners.ParentRunner$3.run(ParentRunner.java:231)
	at org.junit.runners.ParentRunner$1.schedule(ParentRunner.java:60)
	at org.junit.runners.ParentRunner.runChildren(ParentRunner.java:229)
	at org.junit.runners.ParentRunner.access$000(ParentRunner.java:50)
	at org.junit.runners.ParentRunner$2.evaluate(ParentRunner.java:222)
	at org.junit.internal.runners.statements.RunBefores.evaluate(RunBefores.java:28)
	at org.junit.internal.runners.statements.RunAfters.evaluate(RunAfters.java:30)
	at org.junit.runners.ParentRunner.run(ParentRunner.java:300)
	at org.apache.maven.surefire.junit4.JUnit4TestSet.execute(JUnit4TestSet.java:53)
	at org.apache.maven.surefire.junit4.JUnit4Provider.executeTestSet(JUnit4Provider.java:123)
	at org.apache.maven.surefire.junit4.JUnit4Provider.invoke(JUnit4Provider.java:104)
	at sun.reflect.NativeMethodAccessorImpl.invoke0(Native Method)
	at sun.reflect.NativeMethodAccessorImpl.invoke(NativeMethodAccessorImpl.java:57)
	at sun.reflect.DelegatingMethodAccessorImpl.invoke(DelegatingMethodAccessorImpl.java:43)
	at java.lang.reflect.Method.invoke(Method.java:606)
	at org.apache.maven.surefire.util.ReflectionUtils.invokeMethodWithArray(ReflectionUtils.java:164)
	at org.apache.maven.surefire.booter.ProviderFactory$ProviderProxy.invoke(ProviderFactory.java:110)
	at org.apache.maven.surefire.booter.SurefireStarter.invokeProvider(SurefireStarter.java:175)
	at org.apache.maven.surefire.booter.SurefireStarter.runSuitesInProcessWhenForked(SurefireStarter.java:107)
	at org.apache.maven.surefire.booter.ForkedBooter.main(ForkedBooter.java:68)
</failure>
    <system-out>playRound1000
found food: 9
found food: 9
found food: 3
found food: 3
found food: 9
found food: 5
found food: 5
found food: 9
found food: 3
found food: 3
found food: 9
found food: 9
1000 rounds played
</system-out>
  </testcase>
  <testcase time="0" classname="group20.antgame.AntGameModelTest" name="testAdjacentCellDir0PassesCorrectOdd"/>
  <testcase time="0" classname="group20.antgame.AntGameModelTest" name="testAdjacentCellDir2PassesCorrectOdd"/>
  <testcase time="0" classname="group20.antgame.AntGameModelTest" name="testOtherColourRedReturnsBlack"/>
  <testcase time="0" classname="group20.antgame.AntGameModelTest" name="testCellMatchesFoeREDPassesCorrectly"/>
  <testcase time="0" classname="group20.antgame.AntGameModelTest" name="testCellMatchesFoeBLACKFailsCorrectly"/>
  <testcase time="0" classname="group20.antgame.AntGameModelTest" name="testCellMatchesFriendBLACKPassesCorrectly"/>
  <testcase time="0" classname="group20.antgame.AntGameModelTest" name="testCellMatchesFoeBLACKPassesCorrectly"/>
  <testcase time="0" classname="group20.antgame.AntGameModelTest" name="testAdjacentCellDir0PassesCorrectEven"/>
  <testcase time="0.015" classname="group20.antgame.AntGameModelTest" name="testAdjacentCellDir0FailsIncorrectEven"/>
  <testcase time="0" classname="group20.antgame.AntGameModelTest" name="testAdjacentCellDir1PassesCorrectEven"/>
  <testcase time="0" classname="group20.antgame.AntGameModelTest" name="testAdjacentCellDir1PassesCorrectOdd"/>
  <testcase time="0" classname="group20.antgame.AntGameModelTest" name="testSensedCellAheadLeftPassesExpected"/>
  <testcase time="0" classname="group20.antgame.AntGameModelTest" name="testAdjacentCellDir5PassesCorrectEven"/>
  <testcase time="0" classname="group20.antgame.AntGameModelTest" name="testAdjacentCellDir5FailsIncorrectOdd"/>
  <testcase time="0" classname="group20.antgame.AntGameModelTest" name="testCellMatchesFriendREDFailsCorrectly"/>
  <testcase time="0" classname="group20.antgame.AntGameModelTest" name="testSensedCellRIGHTAheadPassesExpected"/>
  <testcase time="1.614" classname="group20.antgame.AntGameModelTest" name="testPlayRoundFor300000RoundsFinishes"/>
  <testcase time="0.015" classname="group20.antgame.AntGameModelTest" name="testTurnRightDir3"/>
  <testcase time="0" classname="group20.antgame.AntGameModelTest" name="testRockyFailsOnClearCell"/>
  <testcase time="0" classname="group20.antgame.AntGameModelTest" name="testRockyPassesOnEdge"/>
  <testcase time="0" classname="group20.antgame.AntGameModelTest" name="testTurnLeftDir1"/>
  <testcase time="0" classname="group20.antgame.AntGameModelTest" name="testTurnLeftDir5"/>
  <testcase time="0" classname="group20.antgame.AntGameModelTest" name="testTurnRightDir1"/>
  <testcase time="0" classname="group20.antgame.AntGameModelTest" name="testTurnRightDir2"/>
  <testcase time="0" classname="group20.antgame.AntGameModelTest" name="testTurnLeftDir3"/>
  <testcase time="0" classname="group20.antgame.AntGameModelTest" name="testTurnRightDir4"/>
  <testcase time="0" classname="group20.antgame.AntGameModelTest" name="testTurnLeftDir0"/>
  <testcase time="0" classname="group20.antgame.AntGameModelTest" name="testTurnRightDir0"/>
  <testcase time="0" classname="group20.antgame.AntGameModelTest" name="testSetResting"/>
  <testcase time="0" classname="group20.antgame.AntGameModelTest" name="testTurnLeftDir2"/>
  <testcase time="0" classname="group20.antgame.AntGameModelTest" name="testTurnLeftDir4"/>
  <testcase time="0" classname="group20.antgame.AntGameModelTest" name="testTurnRightDir5"/>
  <testcase time="0" classname="group20.antgame.AntGameModelTest" name="testSomeAntIsAt"/>
  <testcase time="0" classname="group20.antgame.AntGameModelTest" name="testClearAntAtSomeAntat"/>
  <testcase time="0" classname="group20.antgame.AntGameModelTest" name="testAntAtSetAntAt"/>
  <testcase time="0" classname="group20.antgame.AntGameModelTest" name="testAntIsAlive"/>
  <testcase time="0" classname="group20.antgame.AntGameModelTest" name="testCheckSetClearMarkerAt"/>
  <testcase time="0" classname="group20.antgame.AntGameModelTest" name="testSetDirection"/>
  <testcase time="0" classname="group20.antgame.AntGameModelTest" name="testSetFoodAtFoodAt"/>
  <testcase time="0" classname="group20.antgame.AntGameModelTest" name="testCellMatchesFriendWithFood"/>
  <testcase time="0" classname="group20.antgame.AntGameModelTest" name="testCellMatchesFoeWithFood"/>
  <testcase time="0" classname="group20.antgame.AntGameModelTest" name="testSetHasFood"/>
  <testcase time="0" classname="group20.antgame.AntGameModelTest" name="testCheckSetClearAnyMarkerAt"/>
  <testcase time="0" classname="group20.antgame.AntGameModelTest" name="testCellMatchesHome"/>
  <testcase time="0" classname="group20.antgame.AntGameModelTest" name="testCellMatchesFoeMarker"/>
  <testcase time="0" classname="group20.antgame.AntGameModelTest" name="testCellMatchesMarker"/>
  <testcase time="0.016" classname="group20.antgame.AntGameModelTest" name="testCellMatchesFoeHome"/>
  <testcase time="0" classname="group20.antgame.AntGameModelTest" name="testCheckForSurroundedAnts"/>
  <testcase time="0" classname="group20.antgame.AntGameModelTest" name="testAdjacentAnts"/>
  <testcase time="0" classname="group20.antgame.AntGameModelTest" name="testCellMatchesFood"/>
  <testcase time="0" classname="group20.antgame.AntGameModelTest" name="testGetInstruction"/>
  <testcase time="0" classname="group20.antgame.AntGameModelTest" name="testCellMatchesRock"/>
  <testcase time="0" classname="group20.antgame.AntGameModelTest" name="testCheckForSurroundedAntAt"/>
</testsuite>