<?xml version="1.0" encoding="UTF-8" ?>
<testsuite tests="76" failures="1" name="group20.antgame.AntGameModelTest" time="27.612" errors="1" skipped="0">
  <properties>
[...]
</properties>
  <testcase classname="group20.antgame.AntGameModelTest" name="testAdjacentAnts" time="0.01"/>
  <testcase classname="group20.antgame.AntGameModelTest" name="testAdjacentCellDir0PassesCorrectEven" time="0"/>
  <testcase classname="group20.antgame.AntGameModelTest" name="testAdjacentCellDir0FailsIncorrectEven" time="0"/>
  <testcase classname="group20.antgame.AntGameModelTest" name="testAdjacentCellDir1PassesCorrectEven" time="0"/>
  <testcase classname="group20.antgame.AntGameModelTest" name="testAdjacentCellDir2PassesCorrectEven" time="0"/>
  <testcase classname="group20.antgame.AntGameModelTest" name="testAdjacentCellDir3PassesCorrectEven" time="0"/>
  <testcase classname="group20.antgame.AntGameModelTest" name="testAdjacentCellDir4PassesCorrectEven" time="0"/>
  <testcase classname="group20.antgame.AntGameModelTest" name="testAdjacentCellDir5PassesCorrectEven" time="0"/>
  <testcase classname="group20.antgame.AntGameModelTest" name="testAdjacentCellDir0PassesCorrectOdd" time="0"/>
  <testcase classname="group20.antgame.AntGameModelTest" name="testAdjacentCellDir1PassesCorrectOdd" time="0"/>
  <testcase classname="group20.antgame.AntGameModelTest" name="testAdjacentCellDir2PassesCorrectOdd" time="0"/>
  <testcase classname="group20.antgame.AntGameModelTest" name="testAdjacentCellDir3PassesCorrectOdd" time="0"/>
  <testcase classname="group20.antgame.AntGameModelTest" name="testAdjacentCellDir4PassesCorrectOdd" time="0"/>
  <testcase classname="group20.antgame.AntGameModelTest" name="testAdjacentCellDir5PassesCorrectOdd" time="0"/>
  <testcase classname="group20.antgame.AntGameModelTest" name="testAdjacentCellDir5FailsIncorrectOdd" time="0"/>
  <testcase classname="group20.antgame.AntGameModelTest" name="testTurnLeftDir0NotPassForOtherResults" time="0"/>
  <testcase classname="group20.antgame.AntGameModelTest" name="testSensedCellHereFailsUnexpected" time="0"/>
  <testcase classname="group20.antgame.AntGameModelTest" name="testSensedCellAheadPassesExpected" time="0"/>
  <testcase classname="group20.antgame.AntGameModelTest" name="testSensedCellAheadLeftPassesExpected" time="0"/>
  <testcase classname="group20.antgame.AntGameModelTest" name="testSensedCellRIGHTAheadPassesExpected" time="0"/>
  <testcase classname="group20.antgame.AntGameModelTest" name="testCellMatchesFriendREDPassesCorrectly" time="0"/>
  <testcase classname="group20.antgame.AntGameModelTest" name="testCellMatchesFriendBLACKPassesCorrectly" time="0"/>
  <testcase classname="group20.antgame.AntGameModelTest" name="testCellMatchesFriendBLACKFailsCorrectly" time="0"/>
  <testcase classname="group20.antgame.AntGameModelTest" name="testCellMatchesFriendREDFailsCorrectly" time="0"/>
  <testcase classname="group20.antgame.AntGameModelTest" name="testCellMatchesFoeREDPassesCorrectly" time="0"/>
  <testcase classname="group20.antgame.AntGameModelTest" name="testCellMatchesFoeREDFailsCorrectly" time="0"/>
  <testcase classname="group20.antgame.AntGameModelTest" name="testCellMatchesFoeBLACKPassesCorrectly" time="0"/>
  <testcase classname="group20.antgame.AntGameModelTest" name="testCellMatchesFoeBLACKFailsCorrectly" time="0"/>
  <testcase classname="group20.antgame.AntGameModelTest" name="testTurnRightDir0" time="0"/>
  <testcase classname="group20.antgame.AntGameModelTest" name="testTurnRightDir1" time="0"/>
  <testcase classname="group20.antgame.AntGameModelTest" name="testTurnRightDir2" time="0"/>
  <testcase classname="group20.antgame.AntGameModelTest" name="testTurnRightDir3" time="0"/>
  <testcase classname="group20.antgame.AntGameModelTest" name="testTurnRightDir4" time="0"/>
  <testcase classname="group20.antgame.AntGameModelTest" name="testTurnRightDir5" time="0"/>
  <testcase classname="group20.antgame.AntGameModelTest" name="testSensedCellHerePassesExpected" time="0"/>
  <testcase classname="group20.antgame.AntGameModelTest" name="testOtherColourRedReturnsBlack" time="0"/>
  <testcase classname="group20.antgame.AntGameModelTest" name="testOtherColourBlackReturnsRed" time="0"/>
  <testcase classname="group20.antgame.AntGameModelTest" name="testRockyFailsOnClearCell" time="0"/>
  <testcase classname="group20.antgame.AntGameModelTest" name="testRockyPassesOnEdge" time="0.01"/>
  <testcase classname="group20.antgame.AntGameModelTest" name="testAntAtSetAntAt" time="0"/>
  <testcase classname="group20.antgame.AntGameModelTest" name="testTurnLeftDir0" time="0"/>
  <testcase classname="group20.antgame.AntGameModelTest" name="testTurnLeftDir1" time="0"/>
  <testcase classname="group20.antgame.AntGameModelTest" name="testTurnLeftDir2" time="0"/>
  <testcase classname="group20.antgame.AntGameModelTest" name="testTurnLeftDir3" time="0"/>
  <testcase classname="group20.antgame.AntGameModelTest" name="testTurnLeftDir4" time="0"/>
  <testcase classname="group20.antgame.AntGameModelTest" name="testTurnLeftDir5" time="0"/>
  <testcase classname="group20.antgame.AntGameModelTest" name="testState" time="0"/>
  <testcase classname="group20.antgame.AntGameModelTest" name="testColour" time="0"/>
  <testcase classname="group20.antgame.AntGameModelTest" name="testResting" time="0"/>
  <testcase classname="group20.antgame.AntGameModelTest" name="testDirection" time="0"/>
  <testcase classname="group20.antgame.AntGameModelTest" name="testHasFood" time="0"/>
  <testcase classname="group20.antgame.AntGameModelTest" name="testSetState" time="0"/>
  <testcase classname="group20.antgame.AntGameModelTest" name="testSetResting" time="0"/>
  <testcase classname="group20.antgame.AntGameModelTest" name="testSetDirection" time="0"/>
  <testcase classname="group20.antgame.AntGameModelTest" name="testSetHasFood" time="0"/>
  <testcase classname="group20.antgame.AntGameModelTest" name="testSomeAntIsAt" time="0"/>
  <testcase classname="group20.antgame.AntGameModelTest" name="testAntIsAlive" time="0"/>
  <testcase classname="group20.antgame.AntGameModelTest" name="testFindAnt" time="0"/>
  <testcase classname="group20.antgame.AntGameModelTest" name="testKillAntAt" time="0"/>
  <testcase classname="group20.antgame.AntGameModelTest" name="testAntHillAt" time="0"/>
  <testcase classname="group20.antgame.AntGameModelTest" name="testPlayRound" time="27.502">
    <error message="Invalid Antbrain Syntax!!" type="group20.antgame.BrainParser$InvalidBrainSyntaxException">group20.antgame.BrainParser$InvalidBrainSyntaxException: Invalid Antbrain Syntax!!
	at group20.antgame.BrainParser.parseBrain(BrainParser.java:338)
	at group20.antgame.AntGameModelTest.testPlayRound(AntGameModelTest.java:1338)
	at sun.reflect.NativeMethodAccessorImpl.invoke0(Native Method)
	at sun.reflect.NativeMethodAccessorImpl.invoke(NativeMethodAccessorImpl.java:62)
	at sun.reflect.DelegatingMethodAccessorImpl.invoke(DelegatingMethodAccessorImpl.java:43)
	at java.lang.reflect.Method.invoke(Method.java:483)
	at org.junit.runners.model.FrameworkMethod$1.runReflectiveCall(FrameworkMethod.java:45)
	at org.junit.internal.runners.model.ReflectiveCallable.run(ReflectiveCallable.java:15)
	at org.junit.runners.model.FrameworkMethod.invokeExplosively(FrameworkMethod.java:42)
	at org.junit.internal.runners.statements.InvokeMethod.evaluate(InvokeMethod.java:20)
	at org.junit.internal.runners.statements.RunBefores.evaluate(RunBefores.java:28)
	at org.junit.internal.runners.statements.RunAfters.evaluate(RunAfters.java:30)
	at org.junit.runners.ParentRunner.runLeaf(ParentRunner.java:263)
	at org.junit.runners.BlockJUnit4ClassRunner.runChild(BlockJUnit4ClassRunner.java:68)
	at org.junit.runners.BlockJUnit4ClassRunner.runChild(BlockJUnit4ClassRunner.java:47)
	at org.junit.runners.ParentRunner$3.run(ParentRunner.java:231)
	at org.junit.runners.ParentRunner$1.schedule(ParentRunner.java:60)
	at org.junit.runners.ParentRunner.runChildren(ParentRunner.java:229)
	at org.junit.runners.ParentRunner.access$000(ParentRunner.java:50)
	at org.junit.runners.ParentRunner$2.evaluate(ParentRunner.java:222)
	at org.junit.internal.runners.statements.RunBefores.evaluate(RunBefores.java:28)
	at org.junit.internal.runners.statements.RunAfters.evaluate(RunAfters.java:30)
	at org.junit.runners.ParentRunner.run(ParentRunner.java:300)
	at org.apache.maven.surefire.junit4.JUnit4TestSet.execute(JUnit4TestSet.java:53)
	at org.apache.maven.surefire.junit4.JUnit4Provider.executeTestSet(JUnit4Provider.java:123)
	at org.apache.maven.surefire.junit4.JUnit4Provider.invoke(JUnit4Provider.java:104)
	at sun.reflect.NativeMethodAccessorImpl.invoke0(Native Method)
	at sun.reflect.NativeMethodAccessorImpl.invoke(NativeMethodAccessorImpl.java:62)
	at sun.reflect.DelegatingMethodAccessorImpl.invoke(DelegatingMethodAccessorImpl.java:43)
	at java.lang.reflect.Method.invoke(Method.java:483)
	at org.apache.maven.surefire.util.ReflectionUtils.invokeMethodWithArray(ReflectionUtils.java:164)
	at org.apache.maven.surefire.booter.ProviderFactory$ProviderProxy.invoke(ProviderFactory.java:110)
	at org.apache.maven.surefire.booter.SurefireStarter.invokeProvider(SurefireStarter.java:175)
	at org.apache.maven.surefire.booter.SurefireStarter.runSuitesInProcessWhenForked(SurefireStarter.java:107)
	at org.apache.maven.surefire.booter.ForkedBooter.main(ForkedBooter.java:68)
</error>
    <system-out>playRound
found food: 9
found food: 9
found food: 3
found food: 3
found food: 9
found food: 5
found food: 5
found food: 9
found food: 3
found food: 3
found food: 9
found food: 9
</system-out>
  </testcase>
  <testcase classname="group20.antgame.AntGameModelTest" name="testClearAntAtSomeAntat" time="0"/>
  <testcase classname="group20.antgame.AntGameModelTest" name="testCheckSetClearMarkerAt" time="0.01"/>
  <testcase classname="group20.antgame.AntGameModelTest" name="testCheckSetClearAnyMarkerAt" time="0"/>
  <testcase classname="group20.antgame.AntGameModelTest" name="testSetFoodAtFoodAt" time="0"/>
  <testcase classname="group20.antgame.AntGameModelTest" name="testCellMatchesFriendWithFood" time="0"/>
  <testcase classname="group20.antgame.AntGameModelTest" name="testCellMatchesFoeWithFood" time="0"/>
  <testcase classname="group20.antgame.AntGameModelTest" name="testCellMatchesFood" time="0"/>
  <testcase classname="group20.antgame.AntGameModelTest" name="testCellMatchesRock" time="0"/>
  <testcase classname="group20.antgame.AntGameModelTest" name="testCellMatchesMarker" time="0">
    <failure message="expected:&lt;true&gt; but was:&lt;false&gt;" type="java.lang.AssertionError">java.lang.AssertionError: expected:&lt;true&gt; but was:&lt;false&gt;
	at org.junit.Assert.fail(Assert.java:93)
	at org.junit.Assert.failNotEquals(Assert.java:647)
	at org.junit.Assert.assertEquals(Assert.java:128)
	at org.junit.Assert.assertEquals(Assert.java:147)
	at group20.antgame.AntGameModelTest.testCellMatchesMarker(AntGameModelTest.java:1145)
	at sun.reflect.NativeMethodAccessorImpl.invoke0(Native Method)
	at sun.reflect.NativeMethodAccessorImpl.invoke(NativeMethodAccessorImpl.java:62)
	at sun.reflect.DelegatingMethodAccessorImpl.invoke(DelegatingMethodAccessorImpl.java:43)
	at java.lang.reflect.Method.invoke(Method.java:483)
	at org.junit.runners.model.FrameworkMethod$1.runReflectiveCall(FrameworkMethod.java:45)
	at org.junit.internal.runners.model.ReflectiveCallable.run(ReflectiveCallable.java:15)
	at org.junit.runners.model.FrameworkMethod.invokeExplosively(FrameworkMethod.java:42)
	at org.junit.internal.runners.statements.InvokeMethod.evaluate(InvokeMethod.java:20)
	at org.junit.internal.runners.statements.RunBefores.evaluate(RunBefores.java:28)
	at org.junit.internal.runners.statements.RunAfters.evaluate(RunAfters.java:30)
	at org.junit.runners.ParentRunner.runLeaf(ParentRunner.java:263)
	at org.junit.runners.BlockJUnit4ClassRunner.runChild(BlockJUnit4ClassRunner.java:68)
	at org.junit.runners.BlockJUnit4ClassRunner.runChild(BlockJUnit4ClassRunner.java:47)
	at org.junit.runners.ParentRunner$3.run(ParentRunner.java:231)
	at org.junit.runners.ParentRunner$1.schedule(ParentRunner.java:60)
	at org.junit.runners.ParentRunner.runChildren(ParentRunner.java:229)
	at org.junit.runners.ParentRunner.access$000(ParentRunner.java:50)
	at org.junit.runners.ParentRunner$2.evaluate(ParentRunner.java:222)
	at org.junit.internal.runners.statements.RunBefores.evaluate(RunBefores.java:28)
	at org.junit.internal.runners.statements.RunAfters.evaluate(RunAfters.java:30)
	at org.junit.runners.ParentRunner.run(ParentRunner.java:300)
	at org.apache.maven.surefire.junit4.JUnit4TestSet.execute(JUnit4TestSet.java:53)
	at org.apache.maven.surefire.junit4.JUnit4Provider.executeTestSet(JUnit4Provider.java:123)
	at org.apache.maven.surefire.junit4.JUnit4Provider.invoke(JUnit4Provider.java:104)
	at sun.reflect.NativeMethodAccessorImpl.invoke0(Native Method)
	at sun.reflect.NativeMethodAccessorImpl.invoke(NativeMethodAccessorImpl.java:62)
	at sun.reflect.DelegatingMethodAccessorImpl.invoke(DelegatingMethodAccessorImpl.java:43)
	at java.lang.reflect.Method.invoke(Method.java:483)
	at org.apache.maven.surefire.util.ReflectionUtils.invokeMethodWithArray(ReflectionUtils.java:164)
	at org.apache.maven.surefire.booter.ProviderFactory$ProviderProxy.invoke(ProviderFactory.java:110)
	at org.apache.maven.surefire.booter.SurefireStarter.invokeProvider(SurefireStarter.java:175)
	at org.apache.maven.surefire.booter.SurefireStarter.runSuitesInProcessWhenForked(SurefireStarter.java:107)
	at org.apache.maven.surefire.booter.ForkedBooter.main(ForkedBooter.java:68)
</failure>
    <system-out>cellMatches
</system-out>
  </testcase>
  <testcase classname="group20.antgame.AntGameModelTest" name="testCellMatchesFoeMarker" time="0"/>
  <testcase classname="group20.antgame.AntGameModelTest" name="testCellMatchesHome" time="0"/>
  <testcase classname="group20.antgame.AntGameModelTest" name="testCellMatchesFoeHome" time="0"/>
  <testcase classname="group20.antgame.AntGameModelTest" name="testGetInstruction" time="0"/>
  <testcase classname="group20.antgame.AntGameModelTest" name="testCheckForSurroundedAntAt" time="0"/>
  <testcase classname="group20.antgame.AntGameModelTest" name="testCheckForSurroundedAnts" time="0"/>
</testsuite>